function change(){
    document.getElementById("name").innerHTML=style.background."cha";
}
VM91316:2 Uncaught SyntaxError: Unexpected string
function ()
VM91337:1 Uncaught SyntaxError: Function statements require a function name
function change(){
    document.getElementById("name").innerHTML=style.background."cha";
}
VM91358:2 Uncaught SyntaxError: Unexpected string
function change(){
    document.getElementById("name").innerHTML="vivekdasari";
}
    
undefined
change
ƒ change(){
    document.getElementById("name").innerHTML="vivekdasari";
}
name
''
